{
  "/home/andrew/workspace/js/bridgeapi.js/src/theme.js": {
    "path": "/home/andrew/workspace/js/bridgeapi.js/src/theme.js",
    "statementMap": {
      "0": {
        "start": {
          "line": 3,
          "column": 0
        },
        "end": {
          "line": 3,
          "column": 30
        }
      },
      "1": {
        "start": {
          "line": 5,
          "column": 16
        },
        "end": {
          "line": 5,
          "column": 25
        }
      },
      "2": {
        "start": {
          "line": 6,
          "column": 18
        },
        "end": {
          "line": 6,
          "column": 27
        }
      },
      "3": {
        "start": {
          "line": 8,
          "column": 14
        },
        "end": {
          "line": 74,
          "column": 2
        }
      }
    },
    "fnMap": {},
    "branchMap": {},
    "s": {
      "0": 73,
      "1": 73,
      "2": 73,
      "3": 73
    },
    "f": {},
    "b": {},
    "_coverageSchema": "1a1c01bbd47fc00a2c39e90264f33305004495a9",
    "hash": "0c9ece41f3f19d3500186fc5d27b12e4a6caf8d6"
  },
  "/home/andrew/workspace/js/bridgeapi.js/utils/api.js": {
    "path": "/home/andrew/workspace/js/bridgeapi.js/utils/api.js",
    "statementMap": {
      "0": {
        "start": {
          "line": 3,
          "column": 13
        },
        "end": {
          "line": 6,
          "column": 1
        }
      },
      "1": {
        "start": {
          "line": 14,
          "column": 12
        },
        "end": {
          "line": 16,
          "column": 30
        }
      },
      "2": {
        "start": {
          "line": 18,
          "column": 12
        },
        "end": {
          "line": 24,
          "column": 2
        }
      }
    },
    "fnMap": {},
    "branchMap": {
      "0": {
        "loc": {
          "start": {
            "line": 14,
            "column": 12
          },
          "end": {
            "line": 16,
            "column": 30
          }
        },
        "type": "cond-expr",
        "locations": [
          {
            "start": {
              "line": 15,
              "column": 4
            },
            "end": {
              "line": 15,
              "column": 6
            }
          },
          {
            "start": {
              "line": 16,
              "column": 4
            },
            "end": {
              "line": 16,
              "column": 30
            }
          }
        ],
        "line": 14
      }
    },
    "s": {
      "0": 73,
      "1": 73,
      "2": 73
    },
    "f": {},
    "b": {
      "0": [
        73,
        0
      ]
    },
    "_coverageSchema": "1a1c01bbd47fc00a2c39e90264f33305004495a9",
    "hash": "97130c09583446318c621f8ffc46d37bcb754982"
  },
  "/home/andrew/workspace/js/bridgeapi.js/src/contexts/auth.js": {
    "path": "/home/andrew/workspace/js/bridgeapi.js/src/contexts/auth.js",
    "statementMap": {
      "0": {
        "start": {
          "line": 10,
          "column": 20
        },
        "end": {
          "line": 10,
          "column": 37
        }
      },
      "1": {
        "start": {
          "line": 13,
          "column": 17
        },
        "end": {
          "line": 13,
          "column": 28
        }
      },
      "2": {
        "start": {
          "line": 18,
          "column": 2
        },
        "end": {
          "line": 29,
          "column": 9
        }
      },
      "3": {
        "start": {
          "line": 19,
          "column": 21
        },
        "end": {
          "line": 19,
          "column": 26
        }
      },
      "4": {
        "start": {
          "line": 21,
          "column": 20
        },
        "end": {
          "line": 21,
          "column": 40
        }
      },
      "5": {
        "start": {
          "line": 22,
          "column": 6
        },
        "end": {
          "line": 24,
          "column": 7
        }
      },
      "6": {
        "start": {
          "line": 23,
          "column": 8
        },
        "end": {
          "line": 23,
          "column": 51
        }
      },
      "7": {
        "start": {
          "line": 27,
          "column": 4
        },
        "end": {
          "line": 27,
          "column": 26
        }
      },
      "8": {
        "start": {
          "line": 28,
          "column": 4
        },
        "end": {
          "line": 28,
          "column": 40
        }
      },
      "9": {
        "start": {
          "line": 28,
          "column": 19
        },
        "end": {
          "line": 28,
          "column": 37
        }
      },
      "10": {
        "start": {
          "line": 34,
          "column": 16
        },
        "end": {
          "line": 50,
          "column": 3
        }
      },
      "11": {
        "start": {
          "line": 35,
          "column": 16
        },
        "end": {
          "line": 38,
          "column": 45
        }
      },
      "12": {
        "start": {
          "line": 38,
          "column": 24
        },
        "end": {
          "line": 38,
          "column": 43
        }
      },
      "13": {
        "start": {
          "line": 40,
          "column": 22
        },
        "end": {
          "line": 40,
          "column": 30
        }
      },
      "14": {
        "start": {
          "line": 42,
          "column": 4
        },
        "end": {
          "line": 47,
          "column": 5
        }
      },
      "15": {
        "start": {
          "line": 43,
          "column": 6
        },
        "end": {
          "line": 43,
          "column": 82
        }
      },
      "16": {
        "start": {
          "line": 44,
          "column": 6
        },
        "end": {
          "line": 44,
          "column": 49
        }
      },
      "17": {
        "start": {
          "line": 46,
          "column": 6
        },
        "end": {
          "line": 46,
          "column": 18
        }
      },
      "18": {
        "start": {
          "line": 49,
          "column": 4
        },
        "end": {
          "line": 49,
          "column": 17
        }
      },
      "19": {
        "start": {
          "line": 54,
          "column": 17
        },
        "end": {
          "line": 58,
          "column": 3
        }
      },
      "20": {
        "start": {
          "line": 55,
          "column": 4
        },
        "end": {
          "line": 55,
          "column": 28
        }
      },
      "21": {
        "start": {
          "line": 56,
          "column": 4
        },
        "end": {
          "line": 56,
          "column": 46
        }
      },
      "22": {
        "start": {
          "line": 57,
          "column": 4
        },
        "end": {
          "line": 57,
          "column": 32
        }
      },
      "23": {
        "start": {
          "line": 60,
          "column": 2
        },
        "end": {
          "line": 69,
          "column": 4
        }
      },
      "24": {
        "start": {
          "line": 75,
          "column": 23
        },
        "end": {
          "line": 75,
          "column": 52
        }
      },
      "25": {
        "start": {
          "line": 75,
          "column": 29
        },
        "end": {
          "line": 75,
          "column": 52
        }
      },
      "26": {
        "start": {
          "line": 79,
          "column": 0
        },
        "end": {
          "line": 84,
          "column": 2
        }
      }
    },
    "fnMap": {
      "0": {
        "name": "AuthProvider",
        "decl": {
          "start": {
            "line": 12,
            "column": 9
          },
          "end": {
            "line": 12,
            "column": 21
          }
        },
        "loc": {
          "start": {
            "line": 12,
            "column": 36
          },
          "end": {
            "line": 70,
            "column": 1
          }
        },
        "line": 12
      },
      "1": {
        "name": "(anonymous_1)",
        "decl": {
          "start": {
            "line": 18,
            "column": 12
          },
          "end": {
            "line": 18,
            "column": 13
          }
        },
        "loc": {
          "start": {
            "line": 18,
            "column": 18
          },
          "end": {
            "line": 29,
            "column": 3
          }
        },
        "line": 18
      },
      "2": {
        "name": "loadUserFromCookies",
        "decl": {
          "start": {
            "line": 20,
            "column": 19
          },
          "end": {
            "line": 20,
            "column": 38
          }
        },
        "loc": {
          "start": {
            "line": 20,
            "column": 41
          },
          "end": {
            "line": 25,
            "column": 5
          }
        },
        "line": 20
      },
      "3": {
        "name": "(anonymous_3)",
        "decl": {
          "start": {
            "line": 28,
            "column": 11
          },
          "end": {
            "line": 28,
            "column": 12
          }
        },
        "loc": {
          "start": {
            "line": 28,
            "column": 17
          },
          "end": {
            "line": 28,
            "column": 39
          }
        },
        "line": 28
      },
      "4": {
        "name": "(anonymous_4)",
        "decl": {
          "start": {
            "line": 34,
            "column": 16
          },
          "end": {
            "line": 34,
            "column": 17
          }
        },
        "loc": {
          "start": {
            "line": 34,
            "column": 43
          },
          "end": {
            "line": 50,
            "column": 3
          }
        },
        "line": 34
      },
      "5": {
        "name": "(anonymous_5)",
        "decl": {
          "start": {
            "line": 38,
            "column": 12
          },
          "end": {
            "line": 38,
            "column": 13
          }
        },
        "loc": {
          "start": {
            "line": 38,
            "column": 24
          },
          "end": {
            "line": 38,
            "column": 43
          }
        },
        "line": 38
      },
      "6": {
        "name": "(anonymous_6)",
        "decl": {
          "start": {
            "line": 54,
            "column": 17
          },
          "end": {
            "line": 54,
            "column": 18
          }
        },
        "loc": {
          "start": {
            "line": 54,
            "column": 23
          },
          "end": {
            "line": 58,
            "column": 3
          }
        },
        "line": 54
      },
      "7": {
        "name": "(anonymous_7)",
        "decl": {
          "start": {
            "line": 75,
            "column": 23
          },
          "end": {
            "line": 75,
            "column": 24
          }
        },
        "loc": {
          "start": {
            "line": 75,
            "column": 29
          },
          "end": {
            "line": 75,
            "column": 52
          }
        },
        "line": 75
      }
    },
    "branchMap": {
      "0": {
        "loc": {
          "start": {
            "line": 22,
            "column": 6
          },
          "end": {
            "line": 24,
            "column": 7
          }
        },
        "type": "if",
        "locations": [
          {
            "start": {
              "line": 22,
              "column": 6
            },
            "end": {
              "line": 24,
              "column": 7
            }
          },
          {
            "start": {
              "line": 22,
              "column": 6
            },
            "end": {
              "line": 24,
              "column": 7
            }
          }
        ],
        "line": 22
      },
      "1": {
        "loc": {
          "start": {
            "line": 22,
            "column": 10
          },
          "end": {
            "line": 22,
            "column": 30
          }
        },
        "type": "binary-expr",
        "locations": [
          {
            "start": {
              "line": 22,
              "column": 10
            },
            "end": {
              "line": 22,
              "column": 21
            }
          },
          {
            "start": {
              "line": 22,
              "column": 25
            },
            "end": {
              "line": 22,
              "column": 30
            }
          }
        ],
        "line": 22
      },
      "2": {
        "loc": {
          "start": {
            "line": 42,
            "column": 4
          },
          "end": {
            "line": 47,
            "column": 5
          }
        },
        "type": "if",
        "locations": [
          {
            "start": {
              "line": 42,
              "column": 4
            },
            "end": {
              "line": 47,
              "column": 5
            }
          },
          {
            "start": {
              "line": 42,
              "column": 4
            },
            "end": {
              "line": 47,
              "column": 5
            }
          }
        ],
        "line": 42
      }
    },
    "s": {
      "0": 73,
      "1": 85,
      "2": 85,
      "3": 73,
      "4": 73,
      "5": 73,
      "6": 6,
      "7": 73,
      "8": 73,
      "9": 0,
      "10": 85,
      "11": 21,
      "12": 12,
      "13": 21,
      "14": 21,
      "15": 9,
      "16": 9,
      "17": 9,
      "18": 12,
      "19": 85,
      "20": 0,
      "21": 0,
      "22": 0,
      "23": 85,
      "24": 73,
      "25": 148,
      "26": 73
    },
    "f": {
      "0": 85,
      "1": 73,
      "2": 73,
      "3": 0,
      "4": 21,
      "5": 12,
      "6": 0,
      "7": 148
    },
    "b": {
      "0": [
        6,
        67
      ],
      "1": [
        73,
        73
      ],
      "2": [
        9,
        12
      ]
    },
    "_coverageSchema": "1a1c01bbd47fc00a2c39e90264f33305004495a9",
    "hash": "210750fc93d2a03851d185bd2cccf3c0c0796470"
  },
  "/home/andrew/workspace/js/bridgeapi.js/pages/_app.js": {
    "path": "/home/andrew/workspace/js/bridgeapi.js/pages/_app.js",
    "statementMap": {
      "0": {
        "start": {
          "line": 15,
          "column": 0
        },
        "end": {
          "line": 18,
          "column": 1
        }
      },
      "1": {
        "start": {
          "line": 17,
          "column": 2
        },
        "end": {
          "line": 17,
          "column": 36
        }
      },
      "2": {
        "start": {
          "line": 21,
          "column": 35
        },
        "end": {
          "line": 21,
          "column": 40
        }
      },
      "3": {
        "start": {
          "line": 22,
          "column": 2
        },
        "end": {
          "line": 28,
          "column": 9
        }
      },
      "4": {
        "start": {
          "line": 24,
          "column": 22
        },
        "end": {
          "line": 24,
          "column": 64
        }
      },
      "5": {
        "start": {
          "line": 25,
          "column": 4
        },
        "end": {
          "line": 27,
          "column": 5
        }
      },
      "6": {
        "start": {
          "line": 26,
          "column": 6
        },
        "end": {
          "line": 26,
          "column": 53
        }
      },
      "7": {
        "start": {
          "line": 30,
          "column": 2
        },
        "end": {
          "line": 47,
          "column": 4
        }
      },
      "8": {
        "start": {
          "line": 49,
          "column": 0
        },
        "end": {
          "line": 52,
          "column": 2
        }
      }
    },
    "fnMap": {
      "0": {
        "name": "MyApp",
        "decl": {
          "start": {
            "line": 20,
            "column": 24
          },
          "end": {
            "line": 20,
            "column": 29
          }
        },
        "loc": {
          "start": {
            "line": 20,
            "column": 37
          },
          "end": {
            "line": 48,
            "column": 1
          }
        },
        "line": 20
      },
      "1": {
        "name": "(anonymous_1)",
        "decl": {
          "start": {
            "line": 22,
            "column": 18
          },
          "end": {
            "line": 22,
            "column": 19
          }
        },
        "loc": {
          "start": {
            "line": 22,
            "column": 24
          },
          "end": {
            "line": 28,
            "column": 3
          }
        },
        "line": 22
      }
    },
    "branchMap": {
      "0": {
        "loc": {
          "start": {
            "line": 15,
            "column": 0
          },
          "end": {
            "line": 18,
            "column": 1
          }
        },
        "type": "if",
        "locations": [
          {
            "start": {
              "line": 15,
              "column": 0
            },
            "end": {
              "line": 18,
              "column": 1
            }
          },
          {
            "start": {
              "line": 15,
              "column": 0
            },
            "end": {
              "line": 18,
              "column": 1
            }
          }
        ],
        "line": 15
      },
      "1": {
        "loc": {
          "start": {
            "line": 25,
            "column": 4
          },
          "end": {
            "line": 27,
            "column": 5
          }
        },
        "type": "if",
        "locations": [
          {
            "start": {
              "line": 25,
              "column": 4
            },
            "end": {
              "line": 27,
              "column": 5
            }
          },
          {
            "start": {
              "line": 25,
              "column": 4
            },
            "end": {
              "line": 27,
              "column": 5
            }
          }
        ],
        "line": 25
      }
    },
    "s": {
      "0": 73,
      "1": 73,
      "2": 85,
      "3": 85,
      "4": 73,
      "5": 73,
      "6": 73,
      "7": 85,
      "8": 73
    },
    "f": {
      "0": 85,
      "1": 73
    },
    "b": {
      "0": [
        73,
        0
      ],
      "1": [
        73,
        0
      ]
    },
    "_coverageSchema": "1a1c01bbd47fc00a2c39e90264f33305004495a9",
    "hash": "bc9c7433049eb06c1ad8e2a2dfca45af68f636cb"
  },
  "/home/andrew/workspace/js/bridgeapi.js/utils/emailValidator.js": {
    "path": "/home/andrew/workspace/js/bridgeapi.js/utils/emailValidator.js",
    "statementMap": {
      "0": {
        "start": {
          "line": 1,
          "column": 23
        },
        "end": {
          "line": 1,
          "column": 90
        }
      },
      "1": {
        "start": {
          "line": 1,
          "column": 34
        },
        "end": {
          "line": 1,
          "column": 90
        }
      }
    },
    "fnMap": {
      "0": {
        "name": "(anonymous_0)",
        "decl": {
          "start": {
            "line": 1,
            "column": 23
          },
          "end": {
            "line": 1,
            "column": 24
          }
        },
        "loc": {
          "start": {
            "line": 1,
            "column": 34
          },
          "end": {
            "line": 1,
            "column": 90
          }
        },
        "line": 1
      }
    },
    "branchMap": {},
    "s": {
      "0": 73,
      "1": 400
    },
    "f": {
      "0": 400
    },
    "b": {},
    "_coverageSchema": "1a1c01bbd47fc00a2c39e90264f33305004495a9",
    "hash": "747b4dab2958307b7d71ede2709026fd9e84d7ce"
  },
  "/home/andrew/workspace/js/bridgeapi.js/pages/users/login.js": {
    "path": "/home/andrew/workspace/js/bridgeapi.js/pages/users/login.js",
    "statementMap": {
      "0": {
        "start": {
          "line": 20,
          "column": 18
        },
        "end": {
          "line": 40,
          "column": 3
        }
      },
      "1": {
        "start": {
          "line": 20,
          "column": 41
        },
        "end": {
          "line": 40,
          "column": 1
        }
      },
      "2": {
        "start": {
          "line": 43,
          "column": 20
        },
        "end": {
          "line": 43,
          "column": 29
        }
      },
      "3": {
        "start": {
          "line": 44,
          "column": 18
        },
        "end": {
          "line": 44,
          "column": 29
        }
      },
      "4": {
        "start": {
          "line": 47,
          "column": 17
        },
        "end": {
          "line": 47,
          "column": 28
        }
      },
      "5": {
        "start": {
          "line": 48,
          "column": 40
        },
        "end": {
          "line": 48,
          "column": 52
        }
      },
      "6": {
        "start": {
          "line": 50,
          "column": 24
        },
        "end": {
          "line": 53,
          "column": 3
        }
      },
      "7": {
        "start": {
          "line": 55,
          "column": 25
        },
        "end": {
          "line": 66,
          "column": 3
        }
      },
      "8": {
        "start": {
          "line": 56,
          "column": 19
        },
        "end": {
          "line": 56,
          "column": 21
        }
      },
      "9": {
        "start": {
          "line": 57,
          "column": 4
        },
        "end": {
          "line": 61,
          "column": 5
        }
      },
      "10": {
        "start": {
          "line": 58,
          "column": 6
        },
        "end": {
          "line": 58,
          "column": 32
        }
      },
      "11": {
        "start": {
          "line": 59,
          "column": 11
        },
        "end": {
          "line": 61,
          "column": 5
        }
      },
      "12": {
        "start": {
          "line": 60,
          "column": 6
        },
        "end": {
          "line": 60,
          "column": 45
        }
      },
      "13": {
        "start": {
          "line": 62,
          "column": 4
        },
        "end": {
          "line": 64,
          "column": 5
        }
      },
      "14": {
        "start": {
          "line": 63,
          "column": 6
        },
        "end": {
          "line": 63,
          "column": 35
        }
      },
      "15": {
        "start": {
          "line": 65,
          "column": 4
        },
        "end": {
          "line": 65,
          "column": 18
        }
      },
      "16": {
        "start": {
          "line": 68,
          "column": 23
        },
        "end": {
          "line": 91,
          "column": 3
        }
      },
      "17": {
        "start": {
          "line": 69,
          "column": 4
        },
        "end": {
          "line": 69,
          "column": 23
        }
      },
      "18": {
        "start": {
          "line": 71,
          "column": 4
        },
        "end": {
          "line": 90,
          "column": 5
        }
      },
      "19": {
        "start": {
          "line": 72,
          "column": 6
        },
        "end": {
          "line": 72,
          "column": 58
        }
      },
      "20": {
        "start": {
          "line": 86,
          "column": 6
        },
        "end": {
          "line": 86,
          "column": 46
        }
      },
      "21": {
        "start": {
          "line": 88,
          "column": 6
        },
        "end": {
          "line": 88,
          "column": 60
        }
      },
      "22": {
        "start": {
          "line": 89,
          "column": 6
        },
        "end": {
          "line": 89,
          "column": 27
        }
      },
      "23": {
        "start": {
          "line": 93,
          "column": 2
        },
        "end": {
          "line": 172,
          "column": 4
        }
      },
      "24": {
        "start": {
          "line": 109,
          "column": 34
        },
        "end": {
          "line": 109,
          "column": 56
        }
      },
      "25": {
        "start": {
          "line": 110,
          "column": 53
        },
        "end": {
          "line": 110,
          "column": 88
        }
      },
      "26": {
        "start": {
          "line": 116,
          "column": 14
        },
        "end": {
          "line": 152,
          "column": 21
        }
      }
    },
    "fnMap": {
      "0": {
        "name": "(anonymous_0)",
        "decl": {
          "start": {
            "line": 20,
            "column": 29
          },
          "end": {
            "line": 20,
            "column": 30
          }
        },
        "loc": {
          "start": {
            "line": 20,
            "column": 41
          },
          "end": {
            "line": 40,
            "column": 1
          }
        },
        "line": 20
      },
      "1": {
        "name": "Login",
        "decl": {
          "start": {
            "line": 42,
            "column": 9
          },
          "end": {
            "line": 42,
            "column": 14
          }
        },
        "loc": {
          "start": {
            "line": 42,
            "column": 17
          },
          "end": {
            "line": 173,
            "column": 1
          }
        },
        "line": 42
      },
      "2": {
        "name": "(anonymous_2)",
        "decl": {
          "start": {
            "line": 55,
            "column": 25
          },
          "end": {
            "line": 55,
            "column": 26
          }
        },
        "loc": {
          "start": {
            "line": 55,
            "column": 37
          },
          "end": {
            "line": 66,
            "column": 3
          }
        },
        "line": 55
      },
      "3": {
        "name": "(anonymous_3)",
        "decl": {
          "start": {
            "line": 68,
            "column": 23
          },
          "end": {
            "line": 68,
            "column": 24
          }
        },
        "loc": {
          "start": {
            "line": 68,
            "column": 56
          },
          "end": {
            "line": 91,
            "column": 3
          }
        },
        "line": 68
      },
      "4": {
        "name": "(anonymous_4)",
        "decl": {
          "start": {
            "line": 109,
            "column": 22
          },
          "end": {
            "line": 109,
            "column": 23
          }
        },
        "loc": {
          "start": {
            "line": 109,
            "column": 34
          },
          "end": {
            "line": 109,
            "column": 56
          }
        },
        "line": 109
      },
      "5": {
        "name": "(anonymous_5)",
        "decl": {
          "start": {
            "line": 110,
            "column": 22
          },
          "end": {
            "line": 110,
            "column": 23
          }
        },
        "loc": {
          "start": {
            "line": 110,
            "column": 53
          },
          "end": {
            "line": 110,
            "column": 88
          }
        },
        "line": 110
      },
      "6": {
        "name": "(anonymous_6)",
        "decl": {
          "start": {
            "line": 113,
            "column": 13
          },
          "end": {
            "line": 113,
            "column": 14
          }
        },
        "loc": {
          "start": {
            "line": 116,
            "column": 14
          },
          "end": {
            "line": 152,
            "column": 21
          }
        },
        "line": 116
      }
    },
    "branchMap": {
      "0": {
        "loc": {
          "start": {
            "line": 57,
            "column": 4
          },
          "end": {
            "line": 61,
            "column": 5
          }
        },
        "type": "if",
        "locations": [
          {
            "start": {
              "line": 57,
              "column": 4
            },
            "end": {
              "line": 61,
              "column": 5
            }
          },
          {
            "start": {
              "line": 57,
              "column": 4
            },
            "end": {
              "line": 61,
              "column": 5
            }
          }
        ],
        "line": 57
      },
      "1": {
        "loc": {
          "start": {
            "line": 59,
            "column": 11
          },
          "end": {
            "line": 61,
            "column": 5
          }
        },
        "type": "if",
        "locations": [
          {
            "start": {
              "line": 59,
              "column": 11
            },
            "end": {
              "line": 61,
              "column": 5
            }
          },
          {
            "start": {
              "line": 59,
              "column": 11
            },
            "end": {
              "line": 61,
              "column": 5
            }
          }
        ],
        "line": 59
      },
      "2": {
        "loc": {
          "start": {
            "line": 62,
            "column": 4
          },
          "end": {
            "line": 64,
            "column": 5
          }
        },
        "type": "if",
        "locations": [
          {
            "start": {
              "line": 62,
              "column": 4
            },
            "end": {
              "line": 64,
              "column": 5
            }
          },
          {
            "start": {
              "line": 62,
              "column": 4
            },
            "end": {
              "line": 64,
              "column": 5
            }
          }
        ],
        "line": 62
      },
      "3": {
        "loc": {
          "start": {
            "line": 71,
            "column": 4
          },
          "end": {
            "line": 90,
            "column": 5
          }
        },
        "type": "if",
        "locations": [
          {
            "start": {
              "line": 71,
              "column": 4
            },
            "end": {
              "line": 90,
              "column": 5
            }
          },
          {
            "start": {
              "line": 71,
              "column": 4
            },
            "end": {
              "line": 90,
              "column": 5
            }
          }
        ],
        "line": 71
      },
      "4": {
        "loc": {
          "start": {
            "line": 156,
            "column": 11
          },
          "end": {
            "line": 161,
            "column": 13
          }
        },
        "type": "binary-expr",
        "locations": [
          {
            "start": {
              "line": 156,
              "column": 11
            },
            "end": {
              "line": 156,
              "column": 22
            }
          },
          {
            "start": {
              "line": 158,
              "column": 12
            },
            "end": {
              "line": 160,
              "column": 25
            }
          }
        ],
        "line": 156
      }
    },
    "s": {
      "0": 42,
      "1": 30,
      "2": 39,
      "3": 39,
      "4": 39,
      "5": 39,
      "6": 39,
      "7": 39,
      "8": 417,
      "9": 417,
      "10": 54,
      "11": 363,
      "12": 246,
      "13": 417,
      "14": 228,
      "15": 417,
      "16": 39,
      "17": 9,
      "18": 9,
      "19": 3,
      "20": 3,
      "21": 6,
      "22": 6,
      "23": 39,
      "24": 417,
      "25": 9,
      "26": 888
    },
    "f": {
      "0": 30,
      "1": 39,
      "2": 417,
      "3": 9,
      "4": 417,
      "5": 9,
      "6": 888
    },
    "b": {
      "0": [
        54,
        363
      ],
      "1": [
        246,
        117
      ],
      "2": [
        228,
        189
      ],
      "3": [
        3,
        6
      ],
      "4": [
        39,
        9
      ]
    },
    "_coverageSchema": "1a1c01bbd47fc00a2c39e90264f33305004495a9",
    "hash": "3f967527af6e02e34e9287e03502b244dfc7f3b8"
  },
  "/home/andrew/workspace/js/bridgeapi.js/components/Dashboard/Card.js": {
    "path": "/home/andrew/workspace/js/bridgeapi.js/components/Dashboard/Card.js",
    "statementMap": {
      "0": {
        "start": {
          "line": 11,
          "column": 18
        },
        "end": {
          "line": 26,
          "column": 3
        }
      },
      "1": {
        "start": {
          "line": 11,
          "column": 41
        },
        "end": {
          "line": 26,
          "column": 1
        }
      },
      "2": {
        "start": {
          "line": 29,
          "column": 18
        },
        "end": {
          "line": 29,
          "column": 29
        }
      },
      "3": {
        "start": {
          "line": 31,
          "column": 2
        },
        "end": {
          "line": 86,
          "column": 4
        }
      },
      "4": {
        "start": {
          "line": 91,
          "column": 0
        },
        "end": {
          "line": 99,
          "column": 2
        }
      }
    },
    "fnMap": {
      "0": {
        "name": "(anonymous_0)",
        "decl": {
          "start": {
            "line": 11,
            "column": 29
          },
          "end": {
            "line": 11,
            "column": 30
          }
        },
        "loc": {
          "start": {
            "line": 11,
            "column": 41
          },
          "end": {
            "line": 26,
            "column": 1
          }
        },
        "line": 11
      },
      "1": {
        "name": "Card",
        "decl": {
          "start": {
            "line": 28,
            "column": 9
          },
          "end": {
            "line": 28,
            "column": 13
          }
        },
        "loc": {
          "start": {
            "line": 28,
            "column": 26
          },
          "end": {
            "line": 87,
            "column": 1
          }
        },
        "line": 28
      }
    },
    "branchMap": {
      "0": {
        "loc": {
          "start": {
            "line": 62,
            "column": 45
          },
          "end": {
            "line": 62,
            "column": 80
          }
        },
        "type": "binary-expr",
        "locations": [
          {
            "start": {
              "line": 62,
              "column": 45
            },
            "end": {
              "line": 62,
              "column": 63
            }
          },
          {
            "start": {
              "line": 62,
              "column": 67
            },
            "end": {
              "line": 62,
              "column": 80
            }
          }
        ],
        "line": 62
      },
      "1": {
        "loc": {
          "start": {
            "line": 67,
            "column": 45
          },
          "end": {
            "line": 67,
            "column": 67
          }
        },
        "type": "binary-expr",
        "locations": [
          {
            "start": {
              "line": 67,
              "column": 45
            },
            "end": {
              "line": 67,
              "column": 60
            }
          },
          {
            "start": {
              "line": 67,
              "column": 64
            },
            "end": {
              "line": 67,
              "column": 67
            }
          }
        ],
        "line": 67
      }
    },
    "s": {
      "0": 6,
      "1": 0,
      "2": 0,
      "3": 0,
      "4": 6
    },
    "f": {
      "0": 0,
      "1": 0
    },
    "b": {
      "0": [
        0,
        0
      ],
      "1": [
        0,
        0
      ]
    },
    "_coverageSchema": "1a1c01bbd47fc00a2c39e90264f33305004495a9",
    "hash": "ca1f2ac1c65d0d4e959cf34c0f3213f992981a98"
  },
  "/home/andrew/workspace/js/bridgeapi.js/components/shared/dashboard/Navbar/Menu.js": {
    "path": "/home/andrew/workspace/js/bridgeapi.js/components/shared/dashboard/Navbar/Menu.js",
    "statementMap": {
      "0": {
        "start": {
          "line": 16,
          "column": 34
        },
        "end": {
          "line": 16,
          "column": 48
        }
      },
      "1": {
        "start": {
          "line": 17,
          "column": 15
        },
        "end": {
          "line": 17,
          "column": 32
        }
      },
      "2": {
        "start": {
          "line": 19,
          "column": 21
        },
        "end": {
          "line": 21,
          "column": 3
        }
      },
      "3": {
        "start": {
          "line": 20,
          "column": 4
        },
        "end": {
          "line": 20,
          "column": 37
        }
      },
      "4": {
        "start": {
          "line": 23,
          "column": 22
        },
        "end": {
          "line": 25,
          "column": 3
        }
      },
      "5": {
        "start": {
          "line": 24,
          "column": 4
        },
        "end": {
          "line": 24,
          "column": 22
        }
      },
      "6": {
        "start": {
          "line": 27,
          "column": 2
        },
        "end": {
          "line": 27,
          "column": 24
        }
      },
      "7": {
        "start": {
          "line": 29,
          "column": 2
        },
        "end": {
          "line": 61,
          "column": 4
        }
      },
      "8": {
        "start": {
          "line": 55,
          "column": 12
        },
        "end": {
          "line": 57,
          "column": 23
        }
      },
      "9": {
        "start": {
          "line": 66,
          "column": 0
        },
        "end": {
          "line": 92,
          "column": 2
        }
      },
      "10": {
        "start": {
          "line": 94,
          "column": 0
        },
        "end": {
          "line": 112,
          "column": 2
        }
      }
    },
    "fnMap": {
      "0": {
        "name": "Menu",
        "decl": {
          "start": {
            "line": 7,
            "column": 9
          },
          "end": {
            "line": 7,
            "column": 13
          }
        },
        "loc": {
          "start": {
            "line": 15,
            "column": 3
          },
          "end": {
            "line": 62,
            "column": 1
          }
        },
        "line": 15
      },
      "1": {
        "name": "(anonymous_1)",
        "decl": {
          "start": {
            "line": 19,
            "column": 21
          },
          "end": {
            "line": 19,
            "column": 22
          }
        },
        "loc": {
          "start": {
            "line": 19,
            "column": 32
          },
          "end": {
            "line": 21,
            "column": 3
          }
        },
        "line": 19
      },
      "2": {
        "name": "(anonymous_2)",
        "decl": {
          "start": {
            "line": 23,
            "column": 22
          },
          "end": {
            "line": 23,
            "column": 23
          }
        },
        "loc": {
          "start": {
            "line": 23,
            "column": 28
          },
          "end": {
            "line": 25,
            "column": 3
          }
        },
        "line": 23
      },
      "3": {
        "name": "(anonymous_3)",
        "decl": {
          "start": {
            "line": 54,
            "column": 42
          },
          "end": {
            "line": 54,
            "column": 43
          }
        },
        "loc": {
          "start": {
            "line": 55,
            "column": 12
          },
          "end": {
            "line": 57,
            "column": 23
          }
        },
        "line": 55
      },
      "4": {
        "name": "(anonymous_4)",
        "decl": {
          "start": {
            "line": 111,
            "column": 10
          },
          "end": {
            "line": 111,
            "column": 11
          }
        },
        "loc": {
          "start": {
            "line": 111,
            "column": 16
          },
          "end": {
            "line": 111,
            "column": 18
          }
        },
        "line": 111
      }
    },
    "branchMap": {
      "0": {
        "loc": {
          "start": {
            "line": 53,
            "column": 9
          },
          "end": {
            "line": 58,
            "column": 12
          }
        },
        "type": "binary-expr",
        "locations": [
          {
            "start": {
              "line": 53,
              "column": 9
            },
            "end": {
              "line": 53,
              "column": 17
            }
          },
          {
            "start": {
              "line": 54,
              "column": 13
            },
            "end": {
              "line": 58,
              "column": 12
            }
          }
        ],
        "line": 53
      }
    },
    "s": {
      "0": 48,
      "1": 48,
      "2": 48,
      "3": 0,
      "4": 48,
      "5": 0,
      "6": 48,
      "7": 48,
      "8": 84,
      "9": 12,
      "10": 12
    },
    "f": {
      "0": 48,
      "1": 0,
      "2": 0,
      "3": 84,
      "4": 12
    },
    "b": {
      "0": [
        48,
        48
      ]
    },
    "_coverageSchema": "1a1c01bbd47fc00a2c39e90264f33305004495a9",
    "hash": "cb7fec4bfea70d1736b43f732edfb3b9f1093899"
  },
  "/home/andrew/workspace/js/bridgeapi.js/components/shared/dashboard/Navbar/index.js": {
    "path": "/home/andrew/workspace/js/bridgeapi.js/components/shared/dashboard/Navbar/index.js",
    "statementMap": {
      "0": {
        "start": {
          "line": 13,
          "column": 18
        },
        "end": {
          "line": 46,
          "column": 3
        }
      },
      "1": {
        "start": {
          "line": 13,
          "column": 41
        },
        "end": {
          "line": 46,
          "column": 1
        }
      },
      "2": {
        "start": {
          "line": 49,
          "column": 18
        },
        "end": {
          "line": 49,
          "column": 29
        }
      },
      "3": {
        "start": {
          "line": 50,
          "column": 32
        },
        "end": {
          "line": 50,
          "column": 44
        }
      },
      "4": {
        "start": {
          "line": 51,
          "column": 28
        },
        "end": {
          "line": 51,
          "column": 42
        }
      },
      "5": {
        "start": {
          "line": 52,
          "column": 21
        },
        "end": {
          "line": 52,
          "column": 30
        }
      },
      "6": {
        "start": {
          "line": 54,
          "column": 31
        },
        "end": {
          "line": 63,
          "column": 3
        }
      },
      "7": {
        "start": {
          "line": 65,
          "column": 24
        },
        "end": {
          "line": 83,
          "column": 3
        }
      },
      "8": {
        "start": {
          "line": 66,
          "column": 20
        },
        "end": {
          "line": 66,
          "column": 25
        }
      },
      "9": {
        "start": {
          "line": 67,
          "column": 23
        },
        "end": {
          "line": 78,
          "column": 5
        }
      },
      "10": {
        "start": {
          "line": 73,
          "column": 6
        },
        "end": {
          "line": 77,
          "column": 9
        }
      },
      "11": {
        "start": {
          "line": 80,
          "column": 4
        },
        "end": {
          "line": 80,
          "column": 17
        }
      },
      "12": {
        "start": {
          "line": 82,
          "column": 4
        },
        "end": {
          "line": 82,
          "column": 39
        }
      },
      "13": {
        "start": {
          "line": 82,
          "column": 19
        },
        "end": {
          "line": 82,
          "column": 36
        }
      },
      "14": {
        "start": {
          "line": 87,
          "column": 14
        },
        "end": {
          "line": 87,
          "column": 26
        }
      },
      "15": {
        "start": {
          "line": 88,
          "column": 2
        },
        "end": {
          "line": 94,
          "column": 20
        }
      },
      "16": {
        "start": {
          "line": 89,
          "column": 4
        },
        "end": {
          "line": 93,
          "column": 5
        }
      },
      "17": {
        "start": {
          "line": 90,
          "column": 6
        },
        "end": {
          "line": 90,
          "column": 40
        }
      },
      "18": {
        "start": {
          "line": 92,
          "column": 6
        },
        "end": {
          "line": 92,
          "column": 39
        }
      },
      "19": {
        "start": {
          "line": 96,
          "column": 2
        },
        "end": {
          "line": 152,
          "column": 4
        }
      },
      "20": {
        "start": {
          "line": 129,
          "column": 14
        },
        "end": {
          "line": 133,
          "column": 21
        }
      },
      "21": {
        "start": {
          "line": 144,
          "column": 88
        },
        "end": {
          "line": 144,
          "column": 97
        }
      }
    },
    "fnMap": {
      "0": {
        "name": "(anonymous_0)",
        "decl": {
          "start": {
            "line": 13,
            "column": 29
          },
          "end": {
            "line": 13,
            "column": 30
          }
        },
        "loc": {
          "start": {
            "line": 13,
            "column": 41
          },
          "end": {
            "line": 46,
            "column": 1
          }
        },
        "line": 13
      },
      "1": {
        "name": "Navbar",
        "decl": {
          "start": {
            "line": 48,
            "column": 24
          },
          "end": {
            "line": 48,
            "column": 30
          }
        },
        "loc": {
          "start": {
            "line": 48,
            "column": 33
          },
          "end": {
            "line": 153,
            "column": 1
          }
        },
        "line": 48
      },
      "2": {
        "name": "(anonymous_2)",
        "decl": {
          "start": {
            "line": 65,
            "column": 24
          },
          "end": {
            "line": 65,
            "column": 25
          }
        },
        "loc": {
          "start": {
            "line": 65,
            "column": 30
          },
          "end": {
            "line": 83,
            "column": 3
          }
        },
        "line": 65
      },
      "3": {
        "name": "(anonymous_3)",
        "decl": {
          "start": {
            "line": 67,
            "column": 23
          },
          "end": {
            "line": 67,
            "column": 24
          }
        },
        "loc": {
          "start": {
            "line": 67,
            "column": 35
          },
          "end": {
            "line": 78,
            "column": 5
          }
        },
        "line": 67
      },
      "4": {
        "name": "(anonymous_4)",
        "decl": {
          "start": {
            "line": 82,
            "column": 11
          },
          "end": {
            "line": 82,
            "column": 12
          }
        },
        "loc": {
          "start": {
            "line": 82,
            "column": 17
          },
          "end": {
            "line": 82,
            "column": 38
          }
        },
        "line": 82
      },
      "5": {
        "name": "(anonymous_5)",
        "decl": {
          "start": {
            "line": 88,
            "column": 12
          },
          "end": {
            "line": 88,
            "column": 13
          }
        },
        "loc": {
          "start": {
            "line": 88,
            "column": 18
          },
          "end": {
            "line": 94,
            "column": 3
          }
        },
        "line": 88
      },
      "6": {
        "name": "(anonymous_6)",
        "decl": {
          "start": {
            "line": 128,
            "column": 25
          },
          "end": {
            "line": 128,
            "column": 26
          }
        },
        "loc": {
          "start": {
            "line": 129,
            "column": 14
          },
          "end": {
            "line": 133,
            "column": 21
          }
        },
        "line": 129
      },
      "7": {
        "name": "(anonymous_7)",
        "decl": {
          "start": {
            "line": 144,
            "column": 80
          },
          "end": {
            "line": 144,
            "column": 81
          }
        },
        "loc": {
          "start": {
            "line": 144,
            "column": 86
          },
          "end": {
            "line": 144,
            "column": 99
          }
        },
        "line": 144
      }
    },
    "branchMap": {
      "0": {
        "loc": {
          "start": {
            "line": 89,
            "column": 4
          },
          "end": {
            "line": 93,
            "column": 5
          }
        },
        "type": "if",
        "locations": [
          {
            "start": {
              "line": 89,
              "column": 4
            },
            "end": {
              "line": 93,
              "column": 5
            }
          },
          {
            "start": {
              "line": 89,
              "column": 4
            },
            "end": {
              "line": 93,
              "column": 5
            }
          }
        ],
        "line": 89
      }
    },
    "s": {
      "0": 12,
      "1": 12,
      "2": 36,
      "3": 36,
      "4": 36,
      "5": 36,
      "6": 36,
      "7": 36,
      "8": 12,
      "9": 12,
      "10": 12,
      "11": 12,
      "12": 12,
      "13": 0,
      "14": 36,
      "15": 36,
      "16": 24,
      "17": 24,
      "18": 0,
      "19": 36,
      "20": 72,
      "21": 0
    },
    "f": {
      "0": 12,
      "1": 36,
      "2": 12,
      "3": 12,
      "4": 0,
      "5": 24,
      "6": 72,
      "7": 0
    },
    "b": {
      "0": [
        24,
        0
      ]
    },
    "_coverageSchema": "1a1c01bbd47fc00a2c39e90264f33305004495a9",
    "hash": "2eb80b890a5cb0c020269d357c9182113a882a5f"
  },
  "/home/andrew/workspace/js/bridgeapi.js/utils/ProtectRoute.js": {
    "path": "/home/andrew/workspace/js/bridgeapi.js/utils/ProtectRoute.js",
    "statementMap": {
      "0": {
        "start": {
          "line": 23,
          "column": 17
        },
        "end": {
          "line": 23,
          "column": 28
        }
      },
      "1": {
        "start": {
          "line": 24,
          "column": 30
        },
        "end": {
          "line": 24,
          "column": 39
        }
      },
      "2": {
        "start": {
          "line": 27,
          "column": 2
        },
        "end": {
          "line": 29,
          "column": 9
        }
      },
      "3": {
        "start": {
          "line": 28,
          "column": 4
        },
        "end": {
          "line": 28,
          "column": 58
        }
      },
      "4": {
        "start": {
          "line": 28,
          "column": 28
        },
        "end": {
          "line": 28,
          "column": 56
        }
      },
      "5": {
        "start": {
          "line": 33,
          "column": 2
        },
        "end": {
          "line": 35,
          "column": 3
        }
      },
      "6": {
        "start": {
          "line": 34,
          "column": 4
        },
        "end": {
          "line": 34,
          "column": 20
        }
      },
      "7": {
        "start": {
          "line": 42,
          "column": 2
        },
        "end": {
          "line": 42,
          "column": 52
        }
      },
      "8": {
        "start": {
          "line": 47,
          "column": 0
        },
        "end": {
          "line": 52,
          "column": 2
        }
      }
    },
    "fnMap": {
      "0": {
        "name": "ProtectRoute",
        "decl": {
          "start": {
            "line": 22,
            "column": 9
          },
          "end": {
            "line": 22,
            "column": 21
          }
        },
        "loc": {
          "start": {
            "line": 22,
            "column": 36
          },
          "end": {
            "line": 43,
            "column": 1
          }
        },
        "line": 22
      },
      "1": {
        "name": "(anonymous_1)",
        "decl": {
          "start": {
            "line": 27,
            "column": 12
          },
          "end": {
            "line": 27,
            "column": 13
          }
        },
        "loc": {
          "start": {
            "line": 27,
            "column": 18
          },
          "end": {
            "line": 29,
            "column": 3
          }
        },
        "line": 27
      }
    },
    "branchMap": {
      "0": {
        "loc": {
          "start": {
            "line": 28,
            "column": 4
          },
          "end": {
            "line": 28,
            "column": 58
          }
        },
        "type": "if",
        "locations": [
          {
            "start": {
              "line": 28,
              "column": 4
            },
            "end": {
              "line": 28,
              "column": 58
            }
          },
          {
            "start": {
              "line": 28,
              "column": 4
            },
            "end": {
              "line": 28,
              "column": 58
            }
          }
        ],
        "line": 28
      },
      "1": {
        "loc": {
          "start": {
            "line": 33,
            "column": 2
          },
          "end": {
            "line": 35,
            "column": 3
          }
        },
        "type": "if",
        "locations": [
          {
            "start": {
              "line": 33,
              "column": 2
            },
            "end": {
              "line": 35,
              "column": 3
            }
          },
          {
            "start": {
              "line": 33,
              "column": 2
            },
            "end": {
              "line": 35,
              "column": 3
            }
          }
        ],
        "line": 33
      },
      "2": {
        "loc": {
          "start": {
            "line": 42,
            "column": 9
          },
          "end": {
            "line": 42,
            "column": 51
          }
        },
        "type": "cond-expr",
        "locations": [
          {
            "start": {
              "line": 42,
              "column": 28
            },
            "end": {
              "line": 42,
              "column": 36
            }
          },
          {
            "start": {
              "line": 42,
              "column": 41
            },
            "end": {
              "line": 42,
              "column": 50
            }
          }
        ],
        "line": 42
      }
    },
    "s": {
      "0": 12,
      "1": 12,
      "2": 12,
      "3": 12,
      "4": 0,
      "5": 12,
      "6": 0,
      "7": 12,
      "8": 12
    },
    "f": {
      "0": 12,
      "1": 12
    },
    "b": {
      "0": [
        0,
        12
      ],
      "1": [
        0,
        12
      ],
      "2": [
        12,
        0
      ]
    },
    "_coverageSchema": "1a1c01bbd47fc00a2c39e90264f33305004495a9",
    "hash": "d6a5546d6a9beb6015153b58e9796e069e2965a4"
  },
  "/home/andrew/workspace/js/bridgeapi.js/pages/dashboard.js": {
    "path": "/home/andrew/workspace/js/bridgeapi.js/pages/dashboard.js",
    "statementMap": {
      "0": {
        "start": {
          "line": 16,
          "column": 18
        },
        "end": {
          "line": 23,
          "column": 3
        }
      },
      "1": {
        "start": {
          "line": 16,
          "column": 41
        },
        "end": {
          "line": 23,
          "column": 1
        }
      },
      "2": {
        "start": {
          "line": 26,
          "column": 18
        },
        "end": {
          "line": 26,
          "column": 29
        }
      },
      "3": {
        "start": {
          "line": 28,
          "column": 2
        },
        "end": {
          "line": 54,
          "column": 4
        }
      },
      "4": {
        "start": {
          "line": 36,
          "column": 41
        },
        "end": {
          "line": 36,
          "column": 78
        }
      },
      "5": {
        "start": {
          "line": 60,
          "column": 14
        },
        "end": {
          "line": 60,
          "column": 60
        }
      },
      "6": {
        "start": {
          "line": 62,
          "column": 2
        },
        "end": {
          "line": 62,
          "column": 33
        }
      },
      "7": {
        "start": {
          "line": 62,
          "column": 12
        },
        "end": {
          "line": 62,
          "column": 33
        }
      },
      "8": {
        "start": {
          "line": 64,
          "column": 2
        },
        "end": {
          "line": 68,
          "column": 4
        }
      },
      "9": {
        "start": {
          "line": 71,
          "column": 0
        },
        "end": {
          "line": 80,
          "column": 2
        }
      }
    },
    "fnMap": {
      "0": {
        "name": "(anonymous_0)",
        "decl": {
          "start": {
            "line": 16,
            "column": 29
          },
          "end": {
            "line": 16,
            "column": 30
          }
        },
        "loc": {
          "start": {
            "line": 16,
            "column": 41
          },
          "end": {
            "line": 23,
            "column": 1
          }
        },
        "line": 16
      },
      "1": {
        "name": "Dashboard",
        "decl": {
          "start": {
            "line": 25,
            "column": 9
          },
          "end": {
            "line": 25,
            "column": 18
          }
        },
        "loc": {
          "start": {
            "line": 25,
            "column": 32
          },
          "end": {
            "line": 55,
            "column": 1
          }
        },
        "line": 25
      },
      "2": {
        "name": "(anonymous_2)",
        "decl": {
          "start": {
            "line": 36,
            "column": 29
          },
          "end": {
            "line": 36,
            "column": 30
          }
        },
        "loc": {
          "start": {
            "line": 36,
            "column": 41
          },
          "end": {
            "line": 36,
            "column": 78
          }
        },
        "line": 36
      },
      "3": {
        "name": "getServerSideProps",
        "decl": {
          "start": {
            "line": 59,
            "column": 22
          },
          "end": {
            "line": 59,
            "column": 40
          }
        },
        "loc": {
          "start": {
            "line": 59,
            "column": 50
          },
          "end": {
            "line": 69,
            "column": 1
          }
        },
        "line": 59
      }
    },
    "branchMap": {
      "0": {
        "loc": {
          "start": {
            "line": 35,
            "column": 13
          },
          "end": {
            "line": 48,
            "column": 15
          }
        },
        "type": "cond-expr",
        "locations": [
          {
            "start": {
              "line": 36,
              "column": 17
            },
            "end": {
              "line": 36,
              "column": 79
            }
          },
          {
            "start": {
              "line": 38,
              "column": 16
            },
            "end": {
              "line": 47,
              "column": 23
            }
          }
        ],
        "line": 35
      },
      "1": {
        "loc": {
          "start": {
            "line": 35,
            "column": 13
          },
          "end": {
            "line": 35,
            "column": 42
          }
        },
        "type": "binary-expr",
        "locations": [
          {
            "start": {
              "line": 35,
              "column": 13
            },
            "end": {
              "line": 35,
              "column": 20
            }
          },
          {
            "start": {
              "line": 35,
              "column": 24
            },
            "end": {
              "line": 35,
              "column": 42
            }
          }
        ],
        "line": 35
      },
      "2": {
        "loc": {
          "start": {
            "line": 62,
            "column": 2
          },
          "end": {
            "line": 62,
            "column": 33
          }
        },
        "type": "if",
        "locations": [
          {
            "start": {
              "line": 62,
              "column": 2
            },
            "end": {
              "line": 62,
              "column": 33
            }
          },
          {
            "start": {
              "line": 62,
              "column": 2
            },
            "end": {
              "line": 62,
              "column": 33
            }
          }
        ],
        "line": 62
      }
    },
    "s": {
      "0": 6,
      "1": 6,
      "2": 6,
      "3": 6,
      "4": 0,
      "5": 0,
      "6": 0,
      "7": 0,
      "8": 0,
      "9": 6
    },
    "f": {
      "0": 6,
      "1": 6,
      "2": 0,
      "3": 0
    },
    "b": {
      "0": [
        0,
        6
      ],
      "1": [
        6,
        6
      ],
      "2": [
        0,
        0
      ]
    },
    "_coverageSchema": "1a1c01bbd47fc00a2c39e90264f33305004495a9",
    "hash": "cca92370a507f590f5788fdcc63c4dd4344c18da"
  },
  "/home/andrew/workspace/js/bridgeapi.js/components/shared/alert/index.js": {
    "path": "/home/andrew/workspace/js/bridgeapi.js/components/shared/alert/index.js",
    "statementMap": {
      "0": {
        "start": {
          "line": 8,
          "column": 2
        },
        "end": {
          "line": 19,
          "column": 4
        }
      },
      "1": {
        "start": {
          "line": 24,
          "column": 0
        },
        "end": {
          "line": 29,
          "column": 2
        }
      },
      "2": {
        "start": {
          "line": 31,
          "column": 0
        },
        "end": {
          "line": 33,
          "column": 2
        }
      }
    },
    "fnMap": {
      "0": {
        "name": "SnackAlert",
        "decl": {
          "start": {
            "line": 5,
            "column": 9
          },
          "end": {
            "line": 5,
            "column": 19
          }
        },
        "loc": {
          "start": {
            "line": 7,
            "column": 3
          },
          "end": {
            "line": 20,
            "column": 1
          }
        },
        "line": 7
      },
      "1": {
        "name": "(anonymous_1)",
        "decl": {
          "start": {
            "line": 32,
            "column": 11
          },
          "end": {
            "line": 32,
            "column": 12
          }
        },
        "loc": {
          "start": {
            "line": 32,
            "column": 17
          },
          "end": {
            "line": 32,
            "column": 19
          }
        },
        "line": 32
      }
    },
    "branchMap": {},
    "s": {
      "0": 134,
      "1": 43,
      "2": 43
    },
    "f": {
      "0": 134,
      "1": 0
    },
    "b": {},
    "_coverageSchema": "1a1c01bbd47fc00a2c39e90264f33305004495a9",
    "hash": "f2e84cbac7269d7a473328a1a05496cc1ac64e70"
  },
  "/home/andrew/workspace/js/bridgeapi.js/pages/users/signup.js": {
    "path": "/home/andrew/workspace/js/bridgeapi.js/pages/users/signup.js",
    "statementMap": {
      "0": {
        "start": {
          "line": 21,
          "column": 18
        },
        "end": {
          "line": 44,
          "column": 3
        }
      },
      "1": {
        "start": {
          "line": 21,
          "column": 41
        },
        "end": {
          "line": 44,
          "column": 1
        }
      },
      "2": {
        "start": {
          "line": 46,
          "column": 23
        },
        "end": {
          "line": 64,
          "column": 1
        }
      },
      "3": {
        "start": {
          "line": 47,
          "column": 17
        },
        "end": {
          "line": 47,
          "column": 19
        }
      },
      "4": {
        "start": {
          "line": 48,
          "column": 2
        },
        "end": {
          "line": 52,
          "column": 3
        }
      },
      "5": {
        "start": {
          "line": 49,
          "column": 4
        },
        "end": {
          "line": 49,
          "column": 30
        }
      },
      "6": {
        "start": {
          "line": 50,
          "column": 9
        },
        "end": {
          "line": 52,
          "column": 3
        }
      },
      "7": {
        "start": {
          "line": 51,
          "column": 4
        },
        "end": {
          "line": 51,
          "column": 43
        }
      },
      "8": {
        "start": {
          "line": 53,
          "column": 2
        },
        "end": {
          "line": 55,
          "column": 3
        }
      },
      "9": {
        "start": {
          "line": 54,
          "column": 4
        },
        "end": {
          "line": 54,
          "column": 33
        }
      },
      "10": {
        "start": {
          "line": 56,
          "column": 2
        },
        "end": {
          "line": 58,
          "column": 3
        }
      },
      "11": {
        "start": {
          "line": 57,
          "column": 4
        },
        "end": {
          "line": 57,
          "column": 40
        }
      },
      "12": {
        "start": {
          "line": 59,
          "column": 2
        },
        "end": {
          "line": 62,
          "column": 3
        }
      },
      "13": {
        "start": {
          "line": 60,
          "column": 4
        },
        "end": {
          "line": 60,
          "column": 47
        }
      },
      "14": {
        "start": {
          "line": 61,
          "column": 4
        },
        "end": {
          "line": 61,
          "column": 54
        }
      },
      "15": {
        "start": {
          "line": 63,
          "column": 2
        },
        "end": {
          "line": 63,
          "column": 16
        }
      },
      "16": {
        "start": {
          "line": 66,
          "column": 22
        },
        "end": {
          "line": 70,
          "column": 1
        }
      },
      "17": {
        "start": {
          "line": 73,
          "column": 17
        },
        "end": {
          "line": 73,
          "column": 28
        }
      },
      "18": {
        "start": {
          "line": 74,
          "column": 18
        },
        "end": {
          "line": 74,
          "column": 29
        }
      },
      "19": {
        "start": {
          "line": 75,
          "column": 40
        },
        "end": {
          "line": 75,
          "column": 55
        }
      },
      "20": {
        "start": {
          "line": 76,
          "column": 36
        },
        "end": {
          "line": 76,
          "column": 51
        }
      },
      "21": {
        "start": {
          "line": 77,
          "column": 20
        },
        "end": {
          "line": 77,
          "column": 29
        }
      },
      "22": {
        "start": {
          "line": 79,
          "column": 23
        },
        "end": {
          "line": 102,
          "column": 3
        }
      },
      "23": {
        "start": {
          "line": 80,
          "column": 16
        },
        "end": {
          "line": 88,
          "column": 6
        }
      },
      "24": {
        "start": {
          "line": 87,
          "column": 6
        },
        "end": {
          "line": 87,
          "column": 25
        }
      },
      "25": {
        "start": {
          "line": 90,
          "column": 4
        },
        "end": {
          "line": 99,
          "column": 5
        }
      },
      "26": {
        "start": {
          "line": 91,
          "column": 6
        },
        "end": {
          "line": 91,
          "column": 27
        }
      },
      "27": {
        "start": {
          "line": 92,
          "column": 6
        },
        "end": {
          "line": 98,
          "column": 7
        }
      },
      "28": {
        "start": {
          "line": 93,
          "column": 8
        },
        "end": {
          "line": 93,
          "column": 35
        }
      },
      "29": {
        "start": {
          "line": 97,
          "column": 8
        },
        "end": {
          "line": 97,
          "column": 36
        }
      },
      "30": {
        "start": {
          "line": 101,
          "column": 4
        },
        "end": {
          "line": 101,
          "column": 25
        }
      },
      "31": {
        "start": {
          "line": 104,
          "column": 27
        },
        "end": {
          "line": 111,
          "column": 3
        }
      },
      "32": {
        "start": {
          "line": 105,
          "column": 4
        },
        "end": {
          "line": 107,
          "column": 5
        }
      },
      "33": {
        "start": {
          "line": 106,
          "column": 6
        },
        "end": {
          "line": 106,
          "column": 13
        }
      },
      "34": {
        "start": {
          "line": 109,
          "column": 4
        },
        "end": {
          "line": 109,
          "column": 26
        }
      },
      "35": {
        "start": {
          "line": 110,
          "column": 4
        },
        "end": {
          "line": 110,
          "column": 24
        }
      },
      "36": {
        "start": {
          "line": 113,
          "column": 2
        },
        "end": {
          "line": 190,
          "column": 4
        }
      },
      "37": {
        "start": {
          "line": 122,
          "column": 34
        },
        "end": {
          "line": 122,
          "column": 56
        }
      },
      "38": {
        "start": {
          "line": 123,
          "column": 53
        },
        "end": {
          "line": 123,
          "column": 88
        }
      },
      "39": {
        "start": {
          "line": 129,
          "column": 14
        },
        "end": {
          "line": 177,
          "column": 21
        }
      }
    },
    "fnMap": {
      "0": {
        "name": "(anonymous_0)",
        "decl": {
          "start": {
            "line": 21,
            "column": 29
          },
          "end": {
            "line": 21,
            "column": 30
          }
        },
        "loc": {
          "start": {
            "line": 21,
            "column": 41
          },
          "end": {
            "line": 44,
            "column": 1
          }
        },
        "line": 21
      },
      "1": {
        "name": "(anonymous_1)",
        "decl": {
          "start": {
            "line": 46,
            "column": 23
          },
          "end": {
            "line": 46,
            "column": 24
          }
        },
        "loc": {
          "start": {
            "line": 46,
            "column": 35
          },
          "end": {
            "line": 64,
            "column": 1
          }
        },
        "line": 46
      },
      "2": {
        "name": "Signup",
        "decl": {
          "start": {
            "line": 72,
            "column": 9
          },
          "end": {
            "line": 72,
            "column": 15
          }
        },
        "loc": {
          "start": {
            "line": 72,
            "column": 18
          },
          "end": {
            "line": 191,
            "column": 1
          }
        },
        "line": 72
      },
      "3": {
        "name": "(anonymous_3)",
        "decl": {
          "start": {
            "line": 79,
            "column": 23
          },
          "end": {
            "line": 79,
            "column": 24
          }
        },
        "loc": {
          "start": {
            "line": 79,
            "column": 56
          },
          "end": {
            "line": 102,
            "column": 3
          }
        },
        "line": 79
      },
      "4": {
        "name": "(anonymous_4)",
        "decl": {
          "start": {
            "line": 86,
            "column": 13
          },
          "end": {
            "line": 86,
            "column": 14
          }
        },
        "loc": {
          "start": {
            "line": 86,
            "column": 19
          },
          "end": {
            "line": 88,
            "column": 5
          }
        },
        "line": 86
      },
      "5": {
        "name": "(anonymous_5)",
        "decl": {
          "start": {
            "line": 104,
            "column": 27
          },
          "end": {
            "line": 104,
            "column": 28
          }
        },
        "loc": {
          "start": {
            "line": 104,
            "column": 42
          },
          "end": {
            "line": 111,
            "column": 3
          }
        },
        "line": 104
      },
      "6": {
        "name": "(anonymous_6)",
        "decl": {
          "start": {
            "line": 122,
            "column": 22
          },
          "end": {
            "line": 122,
            "column": 23
          }
        },
        "loc": {
          "start": {
            "line": 122,
            "column": 34
          },
          "end": {
            "line": 122,
            "column": 56
          }
        },
        "line": 122
      },
      "7": {
        "name": "(anonymous_7)",
        "decl": {
          "start": {
            "line": 123,
            "column": 22
          },
          "end": {
            "line": 123,
            "column": 23
          }
        },
        "loc": {
          "start": {
            "line": 123,
            "column": 53
          },
          "end": {
            "line": 123,
            "column": 88
          }
        },
        "line": 123
      },
      "8": {
        "name": "(anonymous_8)",
        "decl": {
          "start": {
            "line": 128,
            "column": 13
          },
          "end": {
            "line": 128,
            "column": 14
          }
        },
        "loc": {
          "start": {
            "line": 129,
            "column": 14
          },
          "end": {
            "line": 177,
            "column": 21
          }
        },
        "line": 129
      }
    },
    "branchMap": {
      "0": {
        "loc": {
          "start": {
            "line": 48,
            "column": 2
          },
          "end": {
            "line": 52,
            "column": 3
          }
        },
        "type": "if",
        "locations": [
          {
            "start": {
              "line": 48,
              "column": 2
            },
            "end": {
              "line": 52,
              "column": 3
            }
          },
          {
            "start": {
              "line": 48,
              "column": 2
            },
            "end": {
              "line": 52,
              "column": 3
            }
          }
        ],
        "line": 48
      },
      "1": {
        "loc": {
          "start": {
            "line": 50,
            "column": 9
          },
          "end": {
            "line": 52,
            "column": 3
          }
        },
        "type": "if",
        "locations": [
          {
            "start": {
              "line": 50,
              "column": 9
            },
            "end": {
              "line": 52,
              "column": 3
            }
          },
          {
            "start": {
              "line": 50,
              "column": 9
            },
            "end": {
              "line": 52,
              "column": 3
            }
          }
        ],
        "line": 50
      },
      "2": {
        "loc": {
          "start": {
            "line": 53,
            "column": 2
          },
          "end": {
            "line": 55,
            "column": 3
          }
        },
        "type": "if",
        "locations": [
          {
            "start": {
              "line": 53,
              "column": 2
            },
            "end": {
              "line": 55,
              "column": 3
            }
          },
          {
            "start": {
              "line": 53,
              "column": 2
            },
            "end": {
              "line": 55,
              "column": 3
            }
          }
        ],
        "line": 53
      },
      "3": {
        "loc": {
          "start": {
            "line": 56,
            "column": 2
          },
          "end": {
            "line": 58,
            "column": 3
          }
        },
        "type": "if",
        "locations": [
          {
            "start": {
              "line": 56,
              "column": 2
            },
            "end": {
              "line": 58,
              "column": 3
            }
          },
          {
            "start": {
              "line": 56,
              "column": 2
            },
            "end": {
              "line": 58,
              "column": 3
            }
          }
        ],
        "line": 56
      },
      "4": {
        "loc": {
          "start": {
            "line": 59,
            "column": 2
          },
          "end": {
            "line": 62,
            "column": 3
          }
        },
        "type": "if",
        "locations": [
          {
            "start": {
              "line": 59,
              "column": 2
            },
            "end": {
              "line": 62,
              "column": 3
            }
          },
          {
            "start": {
              "line": 59,
              "column": 2
            },
            "end": {
              "line": 62,
              "column": 3
            }
          }
        ],
        "line": 59
      },
      "5": {
        "loc": {
          "start": {
            "line": 59,
            "column": 6
          },
          "end": {
            "line": 59,
            "column": 93
          }
        },
        "type": "binary-expr",
        "locations": [
          {
            "start": {
              "line": 59,
              "column": 6
            },
            "end": {
              "line": 59,
              "column": 21
            }
          },
          {
            "start": {
              "line": 59,
              "column": 25
            },
            "end": {
              "line": 59,
              "column": 47
            }
          },
          {
            "start": {
              "line": 59,
              "column": 51
            },
            "end": {
              "line": 59,
              "column": 93
            }
          }
        ],
        "line": 59
      },
      "6": {
        "loc": {
          "start": {
            "line": 90,
            "column": 4
          },
          "end": {
            "line": 99,
            "column": 5
          }
        },
        "type": "if",
        "locations": [
          {
            "start": {
              "line": 90,
              "column": 4
            },
            "end": {
              "line": 99,
              "column": 5
            }
          },
          {
            "start": {
              "line": 90,
              "column": 4
            },
            "end": {
              "line": 99,
              "column": 5
            }
          }
        ],
        "line": 90
      },
      "7": {
[...]
    "hash": "2ea486d9edb8a986145f2181b70734319ad746cb"
  },
  "/home/andrew/workspace/js/bridgeapi.js/components/Editor/index.js": {
    "path": "/home/andrew/workspace/js/bridgeapi.js/components/Editor/index.js",
    "statementMap": {
      "0": {
        "start": {
          "line": 24,
          "column": 18
        },
        "end": {
          "line": 37,
          "column": 3
        }
      },
      "1": {
        "start": {
          "line": 24,
          "column": 41
        },
        "end": {
          "line": 37,
          "column": 1
        }
      },
      "2": {
        "start": {
          "line": 40,
          "column": 18
        },
        "end": {
          "line": 40,
          "column": 29
        }
      },
      "3": {
        "start": {
          "line": 41,
          "column": 17
        },
        "end": {
          "line": 41,
          "column": 28
        }
      },
      "4": {
        "start": {
          "line": 42,
          "column": 26
        },
        "end": {
          "line": 42,
          "column": 41
        }
      },
      "5": {
        "start": {
          "line": 43,
          "column": 52
        },
        "end": {
          "line": 43,
          "column": 67
        }
      },
      "6": {
        "start": {
          "line": 44,
          "column": 36
        },
        "end": {
          "line": 44,
          "column": 51
        }
      },
      "7": {
        "start": {
          "line": 58,
          "column": 6
        },
        "end": {
          "line": 58,
          "column": 12
        }
      },
      "8": {
        "start": {
          "line": 59,
          "column": 18
        },
        "end": {
          "line": 59,
          "column": 40
        }
      },
      "9": {
        "start": {
          "line": 60,
          "column": 16
        },
        "end": {
          "line": 60,
          "column": 36
        }
      },
      "10": {
        "start": {
          "line": 62,
          "column": 24
        },
        "end": {
          "line": 88,
          "column": 3
        }
      },
      "11": {
        "start": {
          "line": 90,
          "column": 36
        },
        "end": {
          "line": 97,
          "column": 4
        }
      },
      "12": {
        "start": {
          "line": 90,
          "column": 48
        },
        "end": {
          "line": 97,
          "column": 4
        }
      },
      "13": {
        "start": {
          "line": 91,
          "column": 26
        },
        "end": {
          "line": 91,
          "column": 39
        }
      },
      "14": {
        "start": {
          "line": 92,
          "column": 4
        },
        "end": {
          "line": 94,
          "column": 5
        }
      },
      "15": {
        "start": {
          "line": 93,
          "column": 6
        },
        "end": {
          "line": 93,
          "column": 33
        }
      },
      "16": {
        "start": {
          "line": 96,
          "column": 4
        },
        "end": {
          "line": 96,
          "column": 25
        }
      },
      "17": {
        "start": {
          "line": 99,
          "column": 26
        },
        "end": {
          "line": 112,
          "column": 4
        }
      },
      "18": {
        "start": {
          "line": 99,
          "column": 39
        },
        "end": {
          "line": 112,
          "column": 3
        }
      },
      "19": {
        "start": {
          "line": 114,
          "column": 23
        },
        "end": {
          "line": 129,
          "column": 3
        }
      },
      "20": {
        "start": {
          "line": 115,
          "column": 4
        },
        "end": {
          "line": 125,
          "column": 5
        }
      },
      "21": {
        "start": {
          "line": 117,
          "column": 6
        },
        "end": {
          "line": 119,
          "column": 41
        }
      },
      "22": {
        "start": {
          "line": 119,
          "column": 21
        },
        "end": {
          "line": 119,
          "column": 39
        }
      },
      "23": {
        "start": {
          "line": 121,
          "column": 6
        },
        "end": {
          "line": 124,
          "column": 41
        }
      },
      "24": {
        "start": {
          "line": 123,
          "column": 23
        },
        "end": {
          "line": 123,
          "column": 60
        }
      },
      "25": {
        "start": {
          "line": 124,
          "column": 21
        },
        "end": {
          "line": 124,
          "column": 39
        }
      },
      "26": {
        "start": {
          "line": 127,
          "column": 4
        },
        "end": {
          "line": 127,
          "column": 18
        }
      },
      "27": {
        "start": {
          "line": 128,
          "column": 4
        },
        "end": {
          "line": 128,
          "column": 25
        }
      },
      "28": {
        "start": {
          "line": 131,
          "column": 22
        },
        "end": {
          "line": 138,
          "column": 3
        }
      },
      "29": {
        "start": {
          "line": 132,
          "column": 4
        },
        "end": {
          "line": 134,
          "column": 5
        }
      },
      "30": {
        "start": {
          "line": 133,
          "column": 6
        },
        "end": {
          "line": 133,
          "column": 13
        }
      },
      "31": {
        "start": {
          "line": 136,
          "column": 4
        },
        "end": {
          "line": 136,
          "column": 19
        }
      },
      "32": {
        "start": {
          "line": 137,
          "column": 4
        },
        "end": {
          "line": 137,
          "column": 24
        }
      },
      "33": {
        "start": {
          "line": 140,
          "column": 2
        },
        "end": {
          "line": 202,
          "column": 4
        }
      },
      "34": {
        "start": {
          "line": 149,
          "column": 53
        },
        "end": {
          "line": 149,
          "column": 88
        }
      },
      "35": {
        "start": {
          "line": 155,
          "column": 14
        },
        "end": {
          "line": 194,
          "column": 21
        }
      },
      "36": {
        "start": {
          "line": 175,
          "column": 39
        },
        "end": {
          "line": 175,
          "column": 66
        }
      },
      "37": {
        "start": {
          "line": 178,
          "column": 45
        },
        "end": {
          "line": 178,
          "column": 71
        }
      },
      "38": {
        "start": {
          "line": 207,
          "column": 0
        },
        "end": {
          "line": 228,
          "column": 2
        }
      },
      "39": {
        "start": {
          "line": 230,
          "column": 0
        },
        "end": {
          "line": 268,
          "column": 2
        }
      }
    },
    "fnMap": {
      "0": {
        "name": "(anonymous_0)",
        "decl": {
          "start": {
            "line": 24,
            "column": 29
          },
          "end": {
            "line": 24,
            "column": 30
          }
        },
        "loc": {
          "start": {
            "line": 24,
            "column": 41
          },
          "end": {
            "line": 37,
            "column": 1
          }
        },
        "line": 24
      },
      "1": {
        "name": "Editor",
        "decl": {
          "start": {
            "line": 39,
            "column": 9
          },
          "end": {
            "line": 39,
            "column": 15
          }
        },
        "loc": {
          "start": {
            "line": 39,
            "column": 40
          },
          "end": {
            "line": 203,
            "column": 1
          }
        },
        "line": 39
      },
      "2": {
        "name": "(anonymous_2)",
        "decl": {
          "start": {
            "line": 90,
            "column": 36
          },
          "end": {
            "line": 90,
            "column": 37
          }
        },
        "loc": {
          "start": {
            "line": 90,
            "column": 48
          },
          "end": {
            "line": 97,
            "column": 4
          }
        },
        "line": 90
      },
      "3": {
        "name": "(anonymous_3)",
        "decl": {
          "start": {
            "line": 90,
            "column": 80
          },
          "end": {
            "line": 90,
            "column": 81
          }
        },
        "loc": {
          "start": {
            "line": 90,
            "column": 92
          },
          "end": {
            "line": 97,
            "column": 3
          }
        },
        "line": 90
      },
      "4": {
        "name": "(anonymous_4)",
        "decl": {
          "start": {
            "line": 99,
            "column": 26
          },
          "end": {
            "line": 99,
            "column": 27
          }
        },
        "loc": {
          "start": {
            "line": 99,
            "column": 39
          },
          "end": {
            "line": 112,
            "column": 3
          }
        },
        "line": 99
      },
      "5": {
        "name": "(anonymous_5)",
        "decl": {
          "start": {
            "line": 114,
            "column": 23
          },
          "end": {
            "line": 114,
            "column": 24
          }
        },
        "loc": {
          "start": {
            "line": 114,
            "column": 56
          },
          "end": {
            "line": 129,
            "column": 3
          }
        },
        "line": 114
      },
      "6": {
        "name": "(anonymous_6)",
        "decl": {
          "start": {
            "line": 119,
            "column": 15
          },
          "end": {
            "line": 119,
            "column": 16
          }
        },
        "loc": {
          "start": {
            "line": 119,
            "column": 21
          },
          "end": {
            "line": 119,
            "column": 39
          }
        },
        "line": 119
      },
      "7": {
        "name": "(anonymous_7)",
        "decl": {
          "start": {
            "line": 123,
            "column": 14
          },
          "end": {
            "line": 123,
            "column": 15
          }
        },
        "loc": {
          "start": {
            "line": 123,
            "column": 23
          },
          "end": {
            "line": 123,
            "column": 60
          }
        },
        "line": 123
      },
      "8": {
        "name": "(anonymous_8)",
        "decl": {
          "start": {
            "line": 124,
            "column": 15
          },
          "end": {
            "line": 124,
            "column": 16
          }
        },
        "loc": {
          "start": {
            "line": 124,
            "column": 21
          },
          "end": {
            "line": 124,
            "column": 39
          }
        },
        "line": 124
      },
      "9": {
        "name": "(anonymous_9)",
        "decl": {
          "start": {
            "line": 131,
            "column": 22
          },
          "end": {
            "line": 131,
            "column": 23
          }
        },
        "loc": {
          "start": {
            "line": 131,
            "column": 37
          },
          "end": {
            "line": 138,
            "column": 3
          }
        },
        "line": 131
      },
      "10": {
        "name": "(anonymous_10)",
        "decl": {
          "start": {
            "line": 149,
            "column": 22
          },
          "end": {
            "line": 149,
            "column": 23
          }
        },
        "loc": {
          "start": {
            "line": 149,
            "column": 53
          },
          "end": {
            "line": 149,
            "column": 88
          }
        },
        "line": 149
      },
      "11": {
        "name": "(anonymous_11)",
        "decl": {
          "start": {
            "line": 154,
            "column": 13
          },
          "end": {
            "line": 154,
            "column": 14
          }
        },
        "loc": {
          "start": {
            "line": 155,
            "column": 14
          },
          "end": {
            "line": 194,
            "column": 21
          }
        },
        "line": 155
      },
      "12": {
        "name": "(anonymous_12)",
        "decl": {
          "start": {
            "line": 175,
            "column": 33
          },
          "end": {
            "line": 175,
            "column": 34
          }
        },
        "loc": {
          "start": {
            "line": 175,
            "column": 39
          },
          "end": {
            "line": 175,
            "column": 66
          }
        },
        "line": 175
      },
      "13": {
        "name": "(anonymous_13)",
        "decl": {
          "start": {
            "line": 178,
            "column": 39
          },
          "end": {
            "line": 178,
            "column": 40
          }
        },
        "loc": {
          "start": {
            "line": 178,
            "column": 45
          },
          "end": {
            "line": 178,
            "column": 71
          }
        },
        "line": 178
      }
    },
    "branchMap": {
      "0": {
        "loc": {
          "start": {
            "line": 75,
            "column": 6
          },
          "end": {
            "line": 80,
            "column": 13
          }
        },
        "type": "binary-expr",
        "locations": [
          {
            "start": {
              "line": 75,
              "column": 6
            },
            "end": {
              "line": 75,
              "column": 18
            }
          },
          {
            "start": {
              "line": 76,
              "column": 9
            },
            "end": {
              "line": 80,
              "column": 13
            }
          }
        ],
        "line": 75
      },
      "1": {
        "loc": {
          "start": {
            "line": 82,
            "column": 6
          },
          "end": {
            "line": 87,
            "column": 13
          }
        },
        "type": "binary-expr",
        "locations": [
          {
            "start": {
              "line": 82,
              "column": 6
            },
            "end": {
              "line": 82,
              "column": 22
            }
          },
          {
            "start": {
              "line": 83,
              "column": 9
            },
            "end": {
              "line": 87,
              "column": 13
            }
          }
        ],
        "line": 82
      },
      "2": {
        "loc": {
          "start": {
            "line": 92,
            "column": 4
          },
          "end": {
            "line": 94,
            "column": 5
          }
        },
        "type": "if",
        "locations": [
          {
            "start": {
              "line": 92,
              "column": 4
            },
            "end": {
              "line": 94,
              "column": 5
            }
          },
          {
            "start": {
              "line": 92,
              "column": 4
            },
            "end": {
              "line": 94,
              "column": 5
            }
          }
        ],
        "line": 92
      },
      "3": {
        "loc": {
          "start": {
            "line": 92,
            "column": 8
          },
          "end": {
            "line": 92,
            "column": 53
          }
        },
        "type": "binary-expr",
        "locations": [
          {
            "start": {
              "line": 92,
              "column": 8
            },
            "end": {
              "line": 92,
              "column": 17
            }
          },
          {
            "start": {
              "line": 92,
              "column": 21
            },
            "end": {
              "line": 92,
              "column": 53
            }
          }
        ],
        "line": 92
      },
      "4": {
        "loc": {
          "start": {
            "line": 115,
            "column": 4
          },
          "end": {
            "line": 125,
            "column": 5
          }
        },
        "type": "if",
        "locations": [
          {
            "start": {
              "line": 115,
              "column": 4
            },
            "end": {
              "line": 125,
              "column": 5
            }
          },
          {
            "start": {
              "line": 115,
              "column": 4
            },
            "end": {
              "line": 125,
              "column": 5
            }
          }
        ],
        "line": 115
      },
      "5": {
        "loc": {
          "start": {
            "line": 132,
            "column": 4
          },
          "end": {
            "line": 134,
            "column": 5
          }
        },
        "type": "if",
        "locations": [
          {
            "start": {
              "line": 132,
              "column": 4
            },
            "end": {
              "line": 134,
              "column": 5
            }
          },
          {
            "start": {
              "line": 132,
              "column": 4
            },
            "end": {
              "line": 134,
              "column": 5
            }
          }
        ],
        "line": 132
      }
    },
    "s": {
      "0": 6,
      "1": 6,
      "2": 6,
      "3": 6,
      "4": 6,
      "5": 6,
      "6": 6,
      "7": 6,
      "8": 6,
      "9": 6,
      "10": 6,
      "11": 6,
      "12": 0,
      "13": 0,
      "14": 0,
      "15": 0,
      "16": 0,
      "17": 6,
      "18": 0,
      "19": 6,
      "20": 0,
      "21": 0,
      "22": 0,
      "23": 0,
      "24": 0,
      "25": 0,
      "26": 0,
      "27": 0,
      "28": 6,
      "29": 0,
      "30": 0,
      "31": 0,
      "32": 0,
      "33": 6,
      "34": 0,
      "35": 6,
      "36": 0,
      "37": 0,
      "38": 6,
      "39": 6
    },
    "f": {
      "0": 6,
      "1": 6,
      "2": 0,
      "3": 0,
      "4": 0,
      "5": 0,
      "6": 0,
      "7": 0,
      "8": 0,
      "9": 0,
      "10": 0,
      "11": 6,
      "12": 0,
      "13": 0
    },
    "b": {
      "0": [
        6,
        6
      ],
      "1": [
        6,
        6
      ],
      "2": [
        0,
        0
      ],
      "3": [
        0,
        0
      ],
      "4": [
        0,
        0
      ],
      "5": [
        0,
        0
      ]
    },
    "_coverageSchema": "1a1c01bbd47fc00a2c39e90264f33305004495a9",
    "hash": "4cd7cbd42be5a77df20444a06de8de1da563b182"
  },
  "/home/andrew/workspace/js/bridgeapi.js/pages/bridge/new.js": {
    "path": "/home/andrew/workspace/js/bridgeapi.js/pages/bridge/new.js",
    "statementMap": {
      "0": {
        "start": {
          "line": 5,
          "column": 2
        },
        "end": {
          "line": 9,
          "column": 4
        }
      }
    },
    "fnMap": {
      "0": {
        "name": "New",
        "decl": {
          "start": {
            "line": 4,
            "column": 9
          },
          "end": {
            "line": 4,
            "column": 12
          }
        },
        "loc": {
          "start": {
            "line": 4,
            "column": 15
          },
          "end": {
            "line": 10,
            "column": 1
          }
        },
        "line": 4
      }
    },
    "branchMap": {},
    "s": {
      "0": 6
    },
    "f": {
      "0": 6
    },
    "b": {},
    "_coverageSchema": "1a1c01bbd47fc00a2c39e90264f33305004495a9",
    "hash": "e871d508ecb25e88f8f00437a240e9b6966e3b12"
  }
}